Arguments: 
  /usr/local/bin/node /usr/local/bin/yarn add gatsby -cli

PATH: 
  /anaconda/bin:/Library/Frameworks/Python.framework/Versions/3.7/bin:/usr/local/bin:/usr/bin:/bin:/usr/sbin:/sbin:/Library/TeX/texbin:/usr/texbin:/Users/matthewfrucht/.npm/bin:/Users/matthewfrucht/.npm/bin

Yarn version: 
  1.22.4

Node version: 
  10.16.2

Platform: 
  darwin x64

Trace: 
  Error: EACCES: permission denied, mkdir '/Users/matthewfrucht/Desktop/Personal_Website/node_modules/@graphql-tools/graphql-tag-pluck/node_modules/debug'

npm manifest: 
  {
    "name": "gatsby-starter-default",
    "private": true,
    "description": "A simple starter to get up and developing quickly with Gatsby",
    "version": "0.1.0",
    "author": "Kyle Mathews <mathews.kyle@gmail.com>",
    "dependencies": {
      "gatsby": "^2.23.9",
      "gatsby-cli": "^2.12.46",
      "gatsby-core-utils": "^1.3.7",
      "gatsby-image": "^2.4.8",
      "gatsby-plugin-manifest": "^2.2.0",
      "gatsby-plugin-offline": "^2.2.10",
      "gatsby-plugin-react-helmet": "^3.3.5",
      "gatsby-plugin-sharp": "^2.2.10",
      "gatsby-plugin-typography": "^2.5.5",
      "gatsby-source-filesystem": "^2.3.13",
      "gatsby-transformer-json": "^2.4.6",
      "gatsby-transformer-remark": "^2.8.18",
      "gatsby-transformer-sharp": "^2.5.6",
      "prop-types": "^15.7.2",
      "react": "^16.13.1",
      "react-dom": "^16.13.1",
      "react-helmet": "^5.2.1",
      "react-typography": "^0.16.19",
      "typography": "^0.16.19"
    },
    "devDependencies": {
      "prettier": "^1.19.1"
    },
    "keywords": [
      "gatsby"
    ],
    "license": "MIT",
    "scripts": {
      "build": "gatsby build",
      "develop": "gatsby develop",
      "format": "prettier --write src/**/*.{js,jsx}",
      "start": "npm run develop",
      "serve": "gatsby serve",
      "test": "echo \"Write tests! -> https://gatsby.dev/unit-testing\""
    },
    "repository": {
      "type": "git",
      "url": "https://github.com/gatsbyjs/gatsby-starter-default"
    },
    "bugs": {
      "url": "https://github.com/gatsbyjs/gatsby/issues"
    }
  }

yarn manifest: 
  No manifest

Lockfile: 
  No lockfile
